<?xml version="1.0" encoding="UTF-8"?>
<testsuite name="Test" failures="3" tests="3" time="64.447" errors="0">
  <properties/>
  <testcase name="addOne" time="22.315" classname="chenjian.tests.AddNews">
    <failure type="java.lang.NullPointerException" message="元素获取异常,值为空!">
      <![CDATA[java.lang.NullPointerException: 元素获取异常,值为空!
	at systemPublic.utilities.YamlParser.getDynamicElement(YamlParser.java:99)
	at chenjian.tests.AddNews.addOne(AddNews.java:101)
	at org.apache.maven.surefire.testng.TestNGExecutor.run(TestNGExecutor.java:74)
	at org.apache.maven.surefire.testng.TestNGXmlTestSuite.execute(TestNGXmlTestSuite.java:93)
	at org.apache.maven.surefire.testng.TestNGProvider.invoke(TestNGProvider.java:101)
	at org.apache.maven.surefire.booter.ProviderFactory$ClassLoaderProxy.invoke(ProviderFactory.java:103)
	at $Proxy0.invoke(Unknown Source)
	at org.apache.maven.surefire.booter.SurefireStarter.invokeProvider(SurefireStarter.java:145)
	at org.apache.maven.surefire.booter.SurefireStarter.runSuitesInProcess(SurefireStarter.java:87)
	at org.apache.maven.surefire.booter.ForkedBooter.main(ForkedBooter.java:69)
... Removed 24 stack frames]]>
    </failure>
  </testcase>
  <testcase name="addOne2" time="19.856" classname="chenjian.tests.AddNews">
    <failure type="java.lang.NullPointerException" message="元素获取异常,值为空!">
      <![CDATA[java.lang.NullPointerException: 元素获取异常,值为空!
	at systemPublic.utilities.YamlParser.getDynamicElement(YamlParser.java:99)
	at chenjian.tests.AddNews.addOne2(AddNews.java:199)
	at org.apache.maven.surefire.testng.TestNGExecutor.run(TestNGExecutor.java:74)
	at org.apache.maven.surefire.testng.TestNGXmlTestSuite.execute(TestNGXmlTestSuite.java:93)
	at org.apache.maven.surefire.testng.TestNGProvider.invoke(TestNGProvider.java:101)
	at org.apache.maven.surefire.booter.ProviderFactory$ClassLoaderProxy.invoke(ProviderFactory.java:103)
	at $Proxy0.invoke(Unknown Source)
	at org.apache.maven.surefire.booter.SurefireStarter.invokeProvider(SurefireStarter.java:145)
	at org.apache.maven.surefire.booter.SurefireStarter.runSuitesInProcess(SurefireStarter.java:87)
	at org.apache.maven.surefire.booter.ForkedBooter.main(ForkedBooter.java:69)
... Removed 24 stack frames]]>
    </failure>
  </testcase>
  <testcase name="addOne2" time="20.26" classname="chenjian.tests.AddNews2">
    <failure type="java.lang.NullPointerException" message="元素获取异常,值为空!">
      <![CDATA[java.lang.NullPointerException: 元素获取异常,值为空!
	at systemPublic.utilities.YamlParser.getDynamicElement(YamlParser.java:99)
	at chenjian.tests.AddNews2.addOne2(AddNews2.java:80)
	at org.apache.maven.surefire.testng.TestNGExecutor.run(TestNGExecutor.java:74)
	at org.apache.maven.surefire.testng.TestNGXmlTestSuite.execute(TestNGXmlTestSuite.java:93)
	at org.apache.maven.surefire.testng.TestNGProvider.invoke(TestNGProvider.java:101)
	at org.apache.maven.surefire.booter.ProviderFactory$ClassLoaderProxy.invoke(ProviderFactory.java:103)
	at $Proxy0.invoke(Unknown Source)
	at org.apache.maven.surefire.booter.SurefireStarter.invokeProvider(SurefireStarter.java:145)
	at org.apache.maven.surefire.booter.SurefireStarter.runSuitesInProcess(SurefireStarter.java:87)
	at org.apache.maven.surefire.booter.ForkedBooter.main(ForkedBooter.java:69)
... Removed 24 stack frames]]>
    </failure>
  </testcase>
</testsuite>
