<?xml version="1.0" encoding="UTF-8" ?>
<testsuite failures="3" time="65.578" errors="0" skipped="0" tests="3" name="TestSuite">
  <properties>
[...]
</properties>
  <testcase time="22.32" classname="chenjian.tests.AddNews" name="addOne">
    <failure message="元素获取异常,值为空!" type="java.lang.NullPointerException">java.lang.NullPointerException: 元素获取异常,值为空!
	at systemPublic.utilities.YamlParser.getDynamicElement(YamlParser.java:99)
	at chenjian.tests.AddNews.addOne(AddNews.java:101)
</failure>
    <system-out>@HL
@HL-------------------------------------------------------
@HL T E S T S
@HL-------------------------------------------------------
@SLRunning TestSuite
</system-out>
  </testcase>
  <testcase time="19.856" classname="chenjian.tests.AddNews" name="addOne2">
    <failure message="元素获取异常,值为空!" type="java.lang.NullPointerException">java.lang.NullPointerException: 元素获取异常,值为空!
	at systemPublic.utilities.YamlParser.getDynamicElement(YamlParser.java:99)
	at chenjian.tests.AddNews.addOne2(AddNews.java:199)
</failure>
  </testcase>
  <testcase time="20.26" classname="chenjian.tests.AddNews2" name="addOne2">
    <failure message="元素获取异常,值为空!" type="java.lang.NullPointerException">java.lang.NullPointerException: 元素获取异常,值为空!
	at systemPublic.utilities.YamlParser.getDynamicElement(YamlParser.java:99)
	at chenjian.tests.AddNews2.addOne2(AddNews2.java:80)
</failure>
  </testcase>
</testsuite>